2025-11-27 17:51:00 | INFO | repo=a4m36jee-2014 | action=commit
2025-03-17 20:39:00 | WARN | repo=a4m36jee-2014 | action=commit
2025-06-07 07:49:00 | WARN | repo=a4m36jee-2014 | action=test | passed=true
2025-01-25 08:24:00 | DEBUG | repo=a4m36jee-2014 | action=commit
2025-07-27 07:34:00 | DEBUG | repo=a4m36jee-2014 | action=commit
2025-06-03 12:30:00 | WARN | repo=a4m36jee-2014 | action=pull
2025-03-20 16:17:00 | INFO | repo=a4m36jee-2014 | action=test | passed=true
2025-03-23 07:58:00 | INFO | repo=a4m36jee-2014 | action=commit
2025-03-05 10:43:00 | DEBUG | repo=a4m36jee-2014 | action=commit
2025-07-02 14:56:00 | WARN | repo=a4m36jee-2014 | action=commit
2025-10-22 11:45:00 | WARN | repo=a4m36jee-2014 | action=commit
2025-01-13 13:42:00 | DEBUG | repo=a4m36jee-2014 | action=commit
2025-03-02 13:28:00 | INFO | repo=a4m36jee-2014 | action=commit
2025-04-04 15:33:00 | INFO | repo=a4m36jee-2014 | action=commit
2025-07-24 09:07:00 | INFO | repo=a4m36jee-2014 | action=commit
2025-06-26 19:21:00 | WARN | repo=a4m36jee-2014 | action=pull
2025-06-10 12:22:00 | INFO | repo=a4m36jee-2014 | action=commit
2025-12-18 08:46:00 | WARN | repo=a4m36jee-2014 | action=commit
2025-07-25 08:51:00 | INFO | repo=a4m36jee-2014 | action=commit
2025-02-02 15:45:00 | WARN | repo=a4m36jee-2014 | action=commit
2025-01-19 11:29:00 | INFO | repo=a4m36jee-2014 | action=commit
2025-02-10 13:12:00 | INFO | repo=a4m36jee-2014 | action=edit | files=4
2025-06-28 19:21:00 | WARN | repo=a4m36jee-2014 | action=commit
2025-05-15 15:11:00 | INFO | repo=a4m36jee-2014 | action=commit
2025-07-05 14:23:00 | DEBUG | repo=a4m36jee-2014 | action=commit
2025-01-16 12:11:00 | INFO | repo=a4m36jee-2014 | action=commit
2025-02-10 19:32:00 | WARN | repo=a4m36jee-2014 | action=commit
2025-10-22 07:43:00 | WARN | repo=a4m36jee-2014 | action=commit
2025-06-08 18:13:00 | WARN | repo=a4m36jee-2014 | action=commit
2025-06-05 11:21:00 | WARN | repo=a4m36jee-2014 | action=commit
2025-11-13 17:13:00 | INFO | repo=a4m36jee-2014 | action=commit
2025-06-02 13:25:00 | INFO | repo=a4m36jee-2014 | action=commit
2025-03-03 07:07:00 | WARN | repo=a4m36jee-2014 | action=commit
2025-09-16 17:32:00 | INFO | repo=a4m36jee-2014 | action=commit
